<?xml version="1.0" encoding="UTF-8"?>
<testng-results ignored="0" total="1" passed="1" failed="0" skipped="0">
  <reporter-output>
  </reporter-output>
  <suite started-at="2022-04-23T00:14:58 IST" name="Default suite" finished-at="2022-04-23T00:15:02 IST" duration-ms="4300">
    <groups>
    </groups>
    <test started-at="2022-04-23T00:14:58 IST" name="Default test" finished-at="2022-04-23T00:15:02 IST" duration-ms="4300">
      <class name="parameter.ParameterTestForGit">
        <test-method signature="parameterTest()[pri:0, instance:parameter.ParameterTestForGit@3fb1549b]" started-at="2022-04-23T00:14:58 IST" name="parameterTest" finished-at="2022-04-23T00:15:02 IST" duration-ms="4246" status="PASS">
          <reporter-output>
          </reporter-output>
        </test-method> <!-- parameterTest -->
      </class> <!-- parameter.ParameterTestForGit -->
    </test> <!-- Default test -->
  </suite> <!-- Default suite -->
</testng-results>
